
> awesomestorybook@1.0.0 build-storybook
> storybook build --output-dir=/var/folders/c3/ns78qy1d7mgb6y_d202880g40000gn/T/chromatic--42189-VOyYlgpIdMr0


[90m┌[39m  Building storybook v10.2.16
[90m│[39m
[32m◇[39m  Cleaning outputDir:
[90m│[39m  [36m../../../../../../var/folders/c3/ns78qy1d7mgb6y_d202880g40000gn/T/chromatic--42189-VOyYlgpIdMr0[39m
[90m│[39m
[32m◇[39m  Loading presets
[90m│[39m
[32m◇[39m  Building manager..
[90m│[39m
[34m●[39m  Building preview..
[90m│[39m
[33m▲[39m  No story files found for the specified pattern:
[90m│[39m  [34mcomponents/**/*.stories.mdx[39m
[90m│[39m
[33m▲[39m  No story files found for the specified pattern:
[90m│[39m  [34mcomponents/**/*.stories.@(js|jsx|ts|tsx)[39m
[90m│[39m
[33m▲[39m  No story files found for the specified pattern: [34msrc/**/*.stories.mdx[39m
[90m│[39m  [43mVite[49m [36mvite v7.3.1 [32mbuilding client environment for production...[36m[39m
[90m│[39m  [43mVite[49m transforming...
[90m│[39m  [43mVite[49m [32m✓[39m 1391 modules transformed.
[90m│[39m
[33m▲[39m  [43mVite[49m [33mnode_modules/expo-modules-core/src/uuid/index.web.ts (12:24): Use[39m
[90m│[39m  [33mof eval in "node_modules/expo-modules-core/src/uuid/index.web.ts" is[39m
[90m│[39m  [33mstrongly discouraged as it poses security risks and may cause issues[39m
[90m│[39m  [33mwith minification.[39m
[90m│[39m  [43mVite[49m rendering chunks...
[90m│[39m  [43mVite[49m computing gzip size...
[90m│[39m  [43mVite[49m
[90m│[39m  [2m../../../../../../var/folders/c3/ns78qy1d7mgb6y_d202880g40000gn/T/chromatic--42189-VOyYlgpIdMr0/[22m[2massets/[22m[32mEvilIcons-BXxwJRGH.ttf[39m[1m[2m[22m
[90m│[39m  [2m13.46 kB[22m[1m[22m
[90m│[39m  [43mVite[49m
[90m│[39m  [2m../../../../../../var/folders/c3/ns78qy1d7mgb6y_d202880g40000gn/T/chromatic--42189-VOyYlgpIdMr0/[22m[32miframe.html[39m[1m[2m[22m
[90m│[39m  [2m18.98 kB[22m[1m[22m[2m │ gzip:   5.24 kB[22m
[90m│[39m  [43mVite[49m
[90m│[39m  [2m../../../../../../var/folders/c3/ns78qy1d7mgb6y_d202880g40000gn/T/chromatic--42189-VOyYlgpIdMr0/[22m[2massets/[22m[32mZocial-BrNdn29L.ttf[39m[1m[2m[22m
[90m│[39m  [2m25.79 kB[22m[1m[22m
[90m│[39m  [43mVite[49m
[90m│[39m  [2m../../../../../../var/folders/c3/ns78qy1d7mgb6y_d202880g40000gn/T/chromatic--42189-VOyYlgpIdMr0/[22m[2massets/[22m[32mSimpleLineIcons-mVuQrdSX.ttf[39m[1m[2m[22m
[90m│[39m  [2m54.06 kB[22m[1m[22m
[90m│[39m  [43mVite[49m
[90m│[39m  [2m../../../../../../var/folders/c3/ns78qy1d7mgb6y_d202880g40000gn/T/chromatic--42189-VOyYlgpIdMr0/[22m[2massets/[22m[32mFeather-BIN1t-_Q.ttf[39m[1m[2m[22m
[90m│[39m  [2m55.60 kB[22m[1m[22m
[90m│[39m  [43mVite[49m
[90m│[39m  [2m../../../../../../var/folders/c3/ns78qy1d7mgb6y_d202880g40000gn/T/chromatic--42189-VOyYlgpIdMr0/[22m[2massets/[22m[32mFoundation-D7wNeIVx.ttf[39m[1m[2m[22m
[90m│[39m  [2m56.98 kB[22m[1m[22m
[90m│[39m  [43mVite[49m
[90m│[39m  [2m../../../../../../var/folders/c3/ns78qy1d7mgb6y_d202880g40000gn/T/chromatic--42189-VOyYlgpIdMr0/[22m[2massets/[22m[32mEntypo-b5FxE9xA.ttf[39m[1m[2m[22m
[90m│[39m  [2m66.20 kB[22m[1m[22m
[90m│[39m  [43mVite[49m
[90m│[39m  [2m../../../../../../var/folders/c3/ns78qy1d7mgb6y_d202880g40000gn/T/chromatic--42189-VOyYlgpIdMr0/[22m[2massets/[22m[32mOcticons-lW4CHwk7.ttf[39m[1m[2m[22m
[90m│[39m  [2m69.44 kB[22m[1m[22m
[90m│[39m  [43mVite[49m
[90m│[39m  [2m../../../../../../var/folders/c3/ns78qy1d7mgb6y_d202880g40000gn/T/chromatic--42189-VOyYlgpIdMr0/[22m[2massets/[22m[32mAntDesign-Dge_iNzx.ttf[39m[1m[2m[22m
[90m│[39m  [2m130.48 kB[22m[1m[22m
[90m│[39m  [43mVite[49m
[90m│[39m  [2m../../../../../../var/folders/c3/ns78qy1d7mgb6y_d202880g40000gn/T/chromatic--42189-VOyYlgpIdMr0/[22m[2massets/[22m[32mFontAwesome-CQDK8MU3.ttf[39m[1m[2m[22m
[90m│[39m  [2m165.55 kB[22m[1m[22m
[90m│[39m  [43mVite[49m
[90m│[39m  [2m../../../../../../var/folders/c3/ns78qy1d7mgb6y_d202880g40000gn/T/chromatic--42189-VOyYlgpIdMr0/[22m[2massets/[22m[32mFontisto-PS9_65Gx.ttf[39m[1m[2m[22m
[90m│[39m  [2m313.53 kB[22m[1m[22m
[90m│[39m  [43mVite[49m
[90m│[39m  [2m../../../../../../var/folders/c3/ns78qy1d7mgb6y_d202880g40000gn/T/chromatic--42189-VOyYlgpIdMr0/[22m[2massets/[22m[32mMaterialIcons-7oKWXygK.ttf[39m[1m[2m[22m
[90m│[39m  [2m356.84 kB[22m[1m[22m
[90m│[39m  [43mVite[49m
[90m│[39m  [2m../../../../../../var/folders/c3/ns78qy1d7mgb6y_d202880g40000gn/T/chromatic--42189-VOyYlgpIdMr0/[22m[2massets/[22m[32mIonicons-Dc4IsU-y.ttf[39m[1m[2m[22m
[90m│[39m  [2m389.72 kB[22m[1m[22m
[90m│[39m  [43mVite[49m
[90m│[39m  [2m../../../../../../var/folders/c3/ns78qy1d7mgb6y_d202880g40000gn/T/chromatic--42189-VOyYlgpIdMr0/[22m[2massets/[22m[32mMaterialCommunityIcons-B7mPwVP_.ttf[39m
[90m│[39m  [32m[39m[1m[2m1,307.66 kB[22m[1m[22m
[90m│[39m  [43mVite[49m
[90m│[39m  [2m../../../../../../var/folders/c3/ns78qy1d7mgb6y_d202880g40000gn/T/chromatic--42189-VOyYlgpIdMr0/[22m[2massets/[22m[36mindex-Ded8RbkU.js[39m[1m[2m[22m
[90m│[39m  [2m0.13 kB[22m[1m[22m[2m │ gzip:   0.12 kB[22m
[90m│[39m  [43mVite[49m
[90m│[39m  [2m../../../../../../var/folders/c3/ns78qy1d7mgb6y_d202880g40000gn/T/chromatic--42189-VOyYlgpIdMr0/[22m[2massets/[22m[36mText-pxjqVLEx.js[39m[1m[2m[22m
[90m│[39m  [2m0.19 kB[22m[1m[22m[2m │ gzip:   0.18 kB[22m
[90m│[39m  [43mVite[49m
[90m│[39m  [2m../../../../../../var/folders/c3/ns78qy1d7mgb6y_d202880g40000gn/T/chromatic--42189-VOyYlgpIdMr0/[22m[2massets/[22m[36mexpo-router-XYrR0_YR.js[39m[1m[2m[22m
[90m│[39m  [2m0.26 kB[22m[1m[22m[2m │ gzip:   0.16 kB[22m
[90m│[39m  [43mVite[49m
[90m│[39m  [2m../../../../../../var/folders/c3/ns78qy1d7mgb6y_d202880g40000gn/T/chromatic--42189-VOyYlgpIdMr0/[22m[2massets/[22m[36mformatter-EIJCOSYU-PHWJCSIG.js[39m[1m[2m[22m
[90m│[39m  [2m0.35 kB[22m[1m[22m[2m │ gzip:   0.26 kB[22m
[90m│[39m  [43mVite[49m
[90m│[39m  [2m../../../../../../var/folders/c3/ns78qy1d7mgb6y_d202880g40000gn/T/chromatic--42189-VOyYlgpIdMr0/[22m[2massets/[22m[36mindex-CE07Dfye.js[39m[1m[2m[22m
[90m│[39m  [2m0.46 kB[22m[1m[22m[2m │ gzip:   0.30 kB[22m
[90m│[39m  [43mVite[49m
[90m│[39m  [2m../../../../../../var/folders/c3/ns78qy1d7mgb6y_d202880g40000gn/T/chromatic--42189-VOyYlgpIdMr0/[22m[2massets/[22m[36mjsx-runtime-Dgx6C67A.js[39m[1m[2m[22m
[90m│[39m  [2m0.49 kB[22m[1m[22m[2m │ gzip:   0.31 kB[22m
[90m│[39m  [43mVite[49m
[90m│[39m  [2m../../../../../../var/folders/c3/ns78qy1d7mgb6y_d202880g40000gn/T/chromatic--42189-VOyYlgpIdMr0/[22m[2massets/[22m[36mposts-list-BU4F_at0.js[39m[1m[2m[22m
[90m│[39m  [2m0.52 kB[22m[1m[22m[2m │ gzip:   0.36 kB[22m
[90m│[39m  [43mVite[49m
[90m│[39m  [2m../../../../../../var/folders/c3/ns78qy1d7mgb6y_d202880g40000gn/T/chromatic--42189-VOyYlgpIdMr0/[22m[2massets/[22m[36mindex-CSFlMcuU.js[39m[1m[2m[22m
[90m│[39m  [2m0.53 kB[22m[1m[22m[2m │ gzip:   0.33 kB[22m
[90m│[39m  [43mVite[49m
[90m│[39m  [2m../../../../../../var/folders/c3/ns78qy1d7mgb6y_d202880g40000gn/T/chromatic--42189-VOyYlgpIdMr0/[22m[2massets/[22m[36mSizableText-CzwOO4Zd.js[39m[1m[2m[22m
[90m│[39m  [2m0.55 kB[22m[1m[22m[2m │ gzip:   0.38 kB[22m
[90m│[39m  [43mVite[49m
[90m│[39m  [2m../../../../../../var/folders/c3/ns78qy1d7mgb6y_d202880g40000gn/T/chromatic--42189-VOyYlgpIdMr0/[22m[2massets/[22m[36mcreate-post-button-DnF6uesI.js[39m[1m[2m[22m
[90m│[39m  [2m0.78 kB[22m[1m[22m[2m │ gzip:   0.50 kB[22m
[90m│[39m  [43mVite[49m
[90m│[39m  [2m../../../../../../var/folders/c3/ns78qy1d7mgb6y_d202880g40000gn/T/chromatic--42189-VOyYlgpIdMr0/[22m[2massets/[22m[36mconfirmButton--gfmjeqM.js[39m[1m[2m[22m
[90m│[39m  [2m0.79 kB[22m[1m[22m[2m │ gzip:   0.44 kB[22m
[90m│[39m  [43mVite[49m
[90m│[39m  [2m../../../../../../var/folders/c3/ns78qy1d7mgb6y_d202880g40000gn/T/chromatic--42189-VOyYlgpIdMr0/[22m[2massets/[22m[36msearch-input-CDT_Eq2t.js[39m[1m[2m[22m
[90m│[39m  [2m0.89 kB[22m[1m[22m[2m │ gzip:   0.53 kB[22m
[90m│[39m  [43mVite[49m
[90m│[39m  [2m../../../../../../var/folders/c3/ns78qy1d7mgb6y_d202880g40000gn/T/chromatic--42189-VOyYlgpIdMr0/[22m[2massets/[22m[36merrorMessage-CvLPIO4X.js[39m[1m[2m[22m
[90m│[39m  [2m0.93 kB[22m[1m[22m[2m │ gzip:   0.52 kB[22m
[90m│[39m  [43mVite[49m
[90m│[39m  [2m../../../../../../var/folders/c3/ns78qy1d7mgb6y_d202880g40000gn/T/chromatic--42189-VOyYlgpIdMr0/[22m[2massets/[22m[36msearch-input.stories-Cc4jmF78.js[39m[1m[2m[22m
[90m│[39m  [2m1.08 kB[22m[1m[22m[2m │ gzip:   0.50 kB[22m
[90m│[39m  [43mVite[49m
[90m│[39m  [2m../../../../../../var/folders/c3/ns78qy1d7mgb6y_d202880g40000gn/T/chromatic--42189-VOyYlgpIdMr0/[22m[2massets/[22m[36minfo-block-B2kpno5v.js[39m[1m[2m[22m
[90m│[39m  [2m1.10 kB[22m[1m[22m[2m │ gzip:   0.54 kB[22m
[90m│[39m  [43mVite[49m
[90m│[39m  [2m../../../../../../var/folders/c3/ns78qy1d7mgb6y_d202880g40000gn/T/chromatic--42189-VOyYlgpIdMr0/[22m[2massets/[22m[36mthemeStore-zC9w2gqz.js[39m[1m[2m[22m
[90m│[39m  [2m1.12 kB[22m[1m[22m[2m │ gzip:   0.62 kB[22m
[90m│[39m  [43mVite[49m
[90m│[39m  [2m../../../../../../var/folders/c3/ns78qy1d7mgb6y_d202880g40000gn/T/chromatic--42189-VOyYlgpIdMr0/[22m[2massets/[22m[36mcreate-post-button.stories-CR_LhDDI.js[39m[1m[2m[22m
[90m│[39m  [2m1.18 kB[22m[1m[22m[2m │ gzip:   0.55 kB[22m
[90m│[39m  [43mVite[49m
[90m│[39m  [2m../../../../../../var/folders/c3/ns78qy1d7mgb6y_d202880g40000gn/T/chromatic--42189-VOyYlgpIdMr0/[22m[2massets/[22m[36mpreload-helper-Zf8nSx-t.js[39m[1m[2m[22m
[90m│[39m  [2m1.23 kB[22m[1m[22m[2m │ gzip:   0.71 kB[22m
[90m│[39m  [43mVite[49m
[90m│[39m  [2m../../../../../../var/folders/c3/ns78qy1d7mgb6y_d202880g40000gn/T/chromatic--42189-VOyYlgpIdMr0/[22m[2massets/[22m[36memailInput-DNIgPZXk.js[39m[1m[2m[22m
[90m│[39m  [2m1.30 kB[22m[1m[22m[2m │ gzip:   0.70 kB[22m
[90m│[39m  [43mVite[49m
[90m│[39m  [2m../../../../../../var/folders/c3/ns78qy1d7mgb6y_d202880g40000gn/T/chromatic--42189-VOyYlgpIdMr0/[22m[2massets/[22m[36mprofile-header.stories-C0_6X3GL.js[39m[1m[2m[22m
[90m│[39m  [2m1.30 kB[22m[1m[22m[2m │ gzip:   0.60 kB[22m
[90m│[39m  [43mVite[49m
[90m│[39m  [2m../../../../../../var/folders/c3/ns78qy1d7mgb6y_d202880g40000gn/T/chromatic--42189-VOyYlgpIdMr0/[22m[2massets/[22m[36mheader-BnjWSOgR.js[39m[1m[2m[22m
[90m│[39m  [2m1.31 kB[22m[1m[22m[2m │ gzip:   0.68 kB[22m
[90m│[39m  [43mVite[49m
[90m│[39m  [2m../../../../../../var/folders/c3/ns78qy1d7mgb6y_d202880g40000gn/T/chromatic--42189-VOyYlgpIdMr0/[22m[2massets/[22m[36merrorMessage.stories-DDgBjJP7.js[39m[1m[2m[22m
[90m│[39m  [2m1.37 kB[22m[1m[22m[2m │ gzip:   0.55 kB[22m
[90m│[39m  [43mVite[49m
[90m│[39m  [2m../../../../../../var/folders/c3/ns78qy1d7mgb6y_d202880g40000gn/T/chromatic--42189-VOyYlgpIdMr0/[22m[2massets/[22m[36mcreate-context-DLRAEPB2.js[39m[1m[2m[22m
[90m│[39m  [2m1.42 kB[22m[1m[22m[2m │ gzip:   0.66 kB[22m
[90m│[39m  [43mVite[49m
[90m│[39m  [2m../../../../../../var/folders/c3/ns78qy1d7mgb6y_d202880g40000gn/T/chromatic--42189-VOyYlgpIdMr0/[22m[2massets/[22m[36mtabs-BJs0IkW2.js[39m[1m[2m[22m
[90m│[39m  [2m1.54 kB[22m[1m[22m[2m │ gzip:   0.69 kB[22m
[90m│[39m  [43mVite[49m
[90m│[39m  [2m../../../../../../var/folders/c3/ns78qy1d7mgb6y_d202880g40000gn/T/chromatic--42189-VOyYlgpIdMr0/[22m[2massets/[22m[36mindex-CPrja2aN.js[39m[1m[2m[22m
[90m│[39m  [2m1.58 kB[22m[1m[22m[2m │ gzip:   0.86 kB[22m
[90m│[39m  [43mVite[49m
[90m│[39m  [2m../../../../../../var/folders/c3/ns78qy1d7mgb6y_d202880g40000gn/T/chromatic--42189-VOyYlgpIdMr0/[22m[2massets/[22m[36mindex-CTT8nZV9.js[39m[1m[2m[22m
[90m│[39m  [2m1.84 kB[22m[1m[22m[2m │ gzip:   1.01 kB[22m
[90m│[39m  [43mVite[49m
[90m│[39m  [2m../../../../../../var/folders/c3/ns78qy1d7mgb6y_d202880g40000gn/T/chromatic--42189-VOyYlgpIdMr0/[22m[2massets/[22m[36mpasswordInput-Cl53n3AW.js[39m[1m[2m[22m
[90m│[39m  [2m1.96 kB[22m[1m[22m[2m │ gzip:   0.96 kB[22m
[90m│[39m  [43mVite[49m
[90m│[39m  [2m../../../../../../var/folders/c3/ns78qy1d7mgb6y_d202880g40000gn/T/chromatic--42189-VOyYlgpIdMr0/[22m[2massets/[22m[36mpost-card.stories-B6zL4Nsq.js[39m[1m[2m[22m
[90m│[39m  [2m2.06 kB[22m[1m[22m[2m │ gzip:   0.96 kB[22m
[90m│[39m  [43mVite[49m
[90m│[39m  [2m../../../../../../var/folders/c3/ns78qy1d7mgb6y_d202880g40000gn/T/chromatic--42189-VOyYlgpIdMr0/[22m[2massets/[22m[36msetting-section.stories-A7HBTgxG.js[39m[1m[2m[22m
[90m│[39m  [2m2.20 kB[22m[1m[22m[2m │ gzip:   0.76 kB[22m
[90m│[39m  [43mVite[49m
[90m│[39m  [2m../../../../../../var/folders/c3/ns78qy1d7mgb6y_d202880g40000gn/T/chromatic--42189-VOyYlgpIdMr0/[22m[2massets/[22m[36muser-card.stories-_EdPfB-L.js[39m[1m[2m[22m
[90m│[39m  [2m2.21 kB[22m[1m[22m[2m │ gzip:   0.77 kB[22m
[90m│[39m  [43mVite[49m
[90m│[39m  [2m../../../../../../var/folders/c3/ns78qy1d7mgb6y_d202880g40000gn/T/chromatic--42189-VOyYlgpIdMr0/[22m[2massets/[22m[36mAvatar-CRUOMI-m.js[39m[1m[2m[22m
[90m│[39m  [2m2.27 kB[22m[1m[22m[2m │ gzip:   1.18 kB[22m
[90m│[39m  [43mVite[49m
[90m│[39m  [2m../../../../../../var/folders/c3/ns78qy1d7mgb6y_d202880g40000gn/T/chromatic--42189-VOyYlgpIdMr0/[22m[2massets/[22m[36memailInput.stories-DpcfIQyk.js[39m[1m[2m[22m
[90m│[39m  [2m2.39 kB[22m[1m[22m[2m │ gzip:   0.81 kB[22m
[90m│[39m  [43mVite[49m
[90m│[39m  [2m../../../../../../var/folders/c3/ns78qy1d7mgb6y_d202880g40000gn/T/chromatic--42189-VOyYlgpIdMr0/[22m[2massets/[22m[36mprofile-header-ysCy_jhq.js[39m[1m[2m[22m
[90m│[39m  [2m2.42 kB[22m[1m[22m[2m │ gzip:   1.02 kB[22m
[90m│[39m  [43mVite[49m
[90m│[39m  [2m../../../../../../var/folders/c3/ns78qy1d7mgb6y_d202880g40000gn/T/chromatic--42189-VOyYlgpIdMr0/[22m[2massets/[22m[36mpost-card-XcV7aD--.js[39m[1m[2m[22m
[90m│[39m  [2m2.42 kB[22m[1m[22m[2m │ gzip:   1.06 kB[22m
[90m│[39m  [43mVite[49m
[90m│[39m  [2m../../../../../../var/folders/c3/ns78qy1d7mgb6y_d202880g40000gn/T/chromatic--42189-VOyYlgpIdMr0/[22m[2massets/[22m[36mheader.stories-WYY0zqtF.js[39m[1m[2m[22m
[90m│[39m  [2m2.45 kB[22m[1m[22m[2m │ gzip:   0.74 kB[22m
[90m│[39m  [43mVite[49m
[90m│[39m  [2m../../../../../../var/folders/c3/ns78qy1d7mgb6y_d202880g40000gn/T/chromatic--42189-VOyYlgpIdMr0/[22m[2massets/[22m[36mtabs.stories-DKmmLszm.js[39m[1m[2m[22m
[90m│[39m  [2m2.46 kB[22m[1m[22m[2m │ gzip:   0.71 kB[22m
[90m│[39m  [43mVite[49m
[90m│[39m  [2m../../../../../../var/folders/c3/ns78qy1d7mgb6y_d202880g40000gn/T/chromatic--42189-VOyYlgpIdMr0/[22m[2massets/[22m[36mindex.stories-CoxmJ0xh.js[39m[1m[2m[22m
[90m│[39m  [2m2.65 kB[22m[1m[22m[2m │ gzip:   1.18 kB[22m
[90m│[39m  [43mVite[49m
[90m│[39m  [2m../../../../../../var/folders/c3/ns78qy1d7mgb6y_d202880g40000gn/T/chromatic--42189-VOyYlgpIdMr0/[22m[2massets/[22m[36mconfirmButton.stories-DP11cuDk.js[39m[1m[2m[22m
[90m│[39m  [2m2.71 kB[22m[1m[22m[2m │ gzip:   0.75 kB[22m
[90m│[39m  [43mVite[49m
[90m│[39m  [2m../../../../../../var/folders/c3/ns78qy1d7mgb6y_d202880g40000gn/T/chromatic--42189-VOyYlgpIdMr0/[22m[2massets/[22m[36mindex.stories-BiPuTq_d.js[39m[1m[2m[22m
[90m│[39m  [2m2.81 kB[22m[1m[22m[2m │ gzip:   1.45 kB[22m
[90m│[39m  [43mVite[49m
[90m│[39m  [2m../../../../../../var/folders/c3/ns78qy1d7mgb6y_d202880g40000gn/T/chromatic--42189-VOyYlgpIdMr0/[22m[2massets/[22m[36mindex.stories-Ckho5Rzy.js[39m[1m[2m[22m
[90m│[39m  [2m2.84 kB[22m[1m[22m[2m │ gzip:   1.46 kB[22m
[90m│[39m  [43mVite[49m
[90m│[39m  [2m../../../../../../var/folders/c3/ns78qy1d7mgb6y_d202880g40000gn/T/chromatic--42189-VOyYlgpIdMr0/[22m[2massets/[22m[36mindex.stories-CyaKTc1s.js[39m[1m[2m[22m
[90m│[39m  [2m2.87 kB[22m[1m[22m[2m │ gzip:   1.47 kB[22m
[90m│[39m  [43mVite[49m
[90m│[39m  [2m../../../../../../var/folders/c3/ns78qy1d7mgb6y_d202880g40000gn/T/chromatic--42189-VOyYlgpIdMr0/[22m[2massets/[22m[36mposts-list.stories-Ctt8-KGI.js[39m[1m[2m[22m
[90m│[39m  [2m2.92 kB[22m[1m[22m[2m │ gzip:   1.12 kB[22m
[90m│[39m  [43mVite[49m
[90m│[39m  [2m../../../../../../var/folders/c3/ns78qy1d7mgb6y_d202880g40000gn/T/chromatic--42189-VOyYlgpIdMr0/[22m[2massets/[22m[36mdivider.stories-CMvDcBb4.js[39m[1m[2m[22m
[90m│[39m  [2m2.96 kB[22m[1m[22m[2m │ gzip:   0.73 kB[22m
[90m│[39m  [43mVite[49m
[90m│[39m  [2m../../../../../../var/folders/c3/ns78qy1d7mgb6y_d202880g40000gn/T/chromatic--42189-VOyYlgpIdMr0/[22m[2massets/[22m[36mpasswordInput.stories-qaM-5Z-J.js[39m[1m[2m[22m
[90m│[39m  [2m3.08 kB[22m[1m[22m[2m │ gzip:   0.93 kB[22m
[90m│[39m  [43mVite[49m
[90m│[39m  [2m../../../../../../var/folders/c3/ns78qy1d7mgb6y_d202880g40000gn/T/chromatic--42189-VOyYlgpIdMr0/[22m[2massets/[22m[36museTranslation-CwIp7jNY.js[39m[1m[2m[22m
[90m│[39m  [2m3.12 kB[22m[1m[22m[2m │ gzip:   1.53 kB[22m
[90m│[39m  [43mVite[49m
[90m│[39m  [2m../../../../../../var/folders/c3/ns78qy1d7mgb6y_d202880g40000gn/T/chromatic--42189-VOyYlgpIdMr0/[22m[2massets/[22m[36mInput-DvFj--qu.js[39m[1m[2m[22m
[90m│[39m  [2m3.54 kB[22m[1m[22m[2m │ gzip:   1.75 kB[22m
[90m│[39m  [43mVite[49m
[90m│[39m  [2m../../../../../../var/folders/c3/ns78qy1d7mgb6y_d202880g40000gn/T/chromatic--42189-VOyYlgpIdMr0/[22m[2massets/[22m[36mindex-C8g2EVOs.js[39m[1m[2m[22m
[90m│[39m  [2m3.66 kB[22m[1m[22m[2m │ gzip:   1.38 kB[22m
[90m│[39m  [43mVite[49m
[90m│[39m  [2m../../../../../../var/folders/c3/ns78qy1d7mgb6y_d202880g40000gn/T/chromatic--42189-VOyYlgpIdMr0/[22m[2massets/[22m[36mcomments-section-Bb9j5Tmm.js[39m[1m[2m[22m
[90m│[39m  [2m4.35 kB[22m[1m[22m[2m │ gzip:   1.37 kB[22m
[90m│[39m  [43mVite[49m
[90m│[39m  [2m../../../../../../var/folders/c3/ns78qy1d7mgb6y_d202880g40000gn/T/chromatic--42189-VOyYlgpIdMr0/[22m[2massets/[22m[36musers-list.stories-CQsa8mj5.js[39m[1m[2m[22m
[90m│[39m  [2m5.28 kB[22m[1m[22m[2m │ gzip:   2.13 kB[22m
[90m│[39m  [43mVite[49m
[90m│[39m  [2m../../../../../../var/folders/c3/ns78qy1d7mgb6y_d202880g40000gn/T/chromatic--42189-VOyYlgpIdMr0/[22m[2massets/[22m[36mButton-ChKAy84x.js[39m[1m[2m[22m
[90m│[39m  [2m5.34 kB[22m[1m[22m[2m │ gzip:   2.37 kB[22m
[90m│[39m  [43mVite[49m
[90m│[39m  [2m../../../../../../var/folders/c3/ns78qy1d7mgb6y_d202880g40000gn/T/chromatic--42189-VOyYlgpIdMr0/[22m[2massets/[22m[36mindex-CQUwM8R8.js[39m[1m[2m[22m
[90m│[39m  [2m5.41 kB[22m[1m[22m[2m │ gzip:   2.37 kB[22m
[90m│[39m  [43mVite[49m
[90m│[39m  [2m../../../../../../var/folders/c3/ns78qy1d7mgb6y_d202880g40000gn/T/chromatic--42189-VOyYlgpIdMr0/[22m[2massets/[22m[36mindex-BAp7fdey.js[39m[1m[2m[22m
[90m│[39m  [2m6.21 kB[22m[1m[22m[2m │ gzip:   2.03 kB[22m
[90m│[39m  [43mVite[49m
[90m│[39m  [2m../../../../../../var/folders/c3/ns78qy1d7mgb6y_d202880g40000gn/T/chromatic--42189-VOyYlgpIdMr0/[22m[2massets/[22m[36minfo-block.stories-BEHE2P1J.js[39m[1m[2m[22m
[90m│[39m  [2m6.26 kB[22m[1m[22m[2m │ gzip:   1.20 kB[22m
[90m│[39m  [43mVite[49m
[90m│[39m  [2m../../../../../../var/folders/c3/ns78qy1d7mgb6y_d202880g40000gn/T/chromatic--42189-VOyYlgpIdMr0/[22m[2massets/[22m[36mindex.stories-DHGSRXSD.js[39m[1m[2m[22m
[90m│[39m  [2m7.70 kB[22m[1m[22m[2m │ gzip:   3.23 kB[22m
[90m│[39m  [43mVite[49m
[90m│[39m  [2m../../../../../../var/folders/c3/ns78qy1d7mgb6y_d202880g40000gn/T/chromatic--42189-VOyYlgpIdMr0/[22m[2massets/[22m[36muser-card-BKjqYX4L.js[39m[1m[2m[22m
[90m│[39m  [2m7.96 kB[22m[1m[22m[2m │ gzip:   3.64 kB[22m
[90m│[39m  [43mVite[49m
[90m│[39m  [2m../../../../../../var/folders/c3/ns78qy1d7mgb6y_d202880g40000gn/T/chromatic--42189-VOyYlgpIdMr0/[22m[2massets/[22m[36mlanguage-selector.stories-DsdL0Kzc.js[39m[1m[2m[22m
[90m│[39m  [2m8.07 kB[22m[1m[22m[2m │ gzip:   3.14 kB[22m
[90m│[39m  [43mVite[49m
[90m│[39m  [2m../../../../../../var/folders/c3/ns78qy1d7mgb6y_d202880g40000gn/T/chromatic--42189-VOyYlgpIdMr0/[22m[2massets/[22m[36mreferal-block.stories-BFhwEDH8.js[39m[1m[2m[22m
[90m│[39m  [2m9.31 kB[22m[1m[22m[2m │ gzip:   3.15 kB[22m
[90m│[39m  [43mVite[49m
[90m│[39m  [2m../../../../../../var/folders/c3/ns78qy1d7mgb6y_d202880g40000gn/T/chromatic--42189-VOyYlgpIdMr0/[22m[2massets/[22m[36mScrollView-Br5BUneC.js[39m[1m[2m[22m
[90m│[39m  [2m11.54 kB[22m[1m[22m[2m │ gzip:   3.47 kB[22m
[90m│[39m  [43mVite[49m
[90m│[39m  [2m../../../../../../var/folders/c3/ns78qy1d7mgb6y_d202880g40000gn/T/chromatic--42189-VOyYlgpIdMr0/[22m[2massets/[22m[36msetting-item.stories-CAk6yXp9.js[39m[1m[2m[22m
[90m│[39m  [2m12.26 kB[22m[1m[22m[2m │ gzip:   3.88 kB[22m
[90m│[39m  [43mVite[49m
[90m│[39m  [2m../../../../../../var/folders/c3/ns78qy1d7mgb6y_d202880g40000gn/T/chromatic--42189-VOyYlgpIdMr0/[22m[2massets/[22m[36mprofile-filling.stories-DAtn-TLH.js[39m[1m[2m[22m
[90m│[39m  [2m12.38 kB[22m[1m[22m[2m │ gzip:   4.31 kB[22m
[90m│[39m  [43mVite[49m
[90m│[39m  [2m../../../../../../var/folders/c3/ns78qy1d7mgb6y_d202880g40000gn/T/chromatic--42189-VOyYlgpIdMr0/[22m[2massets/[22m[36mcomments-section.stories-c4OzO4Dc.js[39m[1m[2m[22m
[90m│[39m  [2m14.09 kB[22m[1m[22m[2m │ gzip:   1.95 kB[22m
[90m│[39m  [43mVite[49m
[90m│[39m  [2m../../../../../../var/folders/c3/ns78qy1d7mgb6y_d202880g40000gn/T/chromatic--42189-VOyYlgpIdMr0/[22m[2massets/[22m[36mindex.esm-CP7fyI82.js[39m[1m[2m[22m
[90m│[39m  [2m27.07 kB[22m[1m[22m[2m │ gzip:  10.00 kB[22m
[90m│[39m  [43mVite[49m
[90m│[39m  [2m../../../../../../var/folders/c3/ns78qy1d7mgb6y_d202880g40000gn/T/chromatic--42189-VOyYlgpIdMr0/[22m[36mvite-inject-mocker-entry.js[39m[1m[2m[22m
[90m│[39m  [2m28.16 kB[22m[1m[22m[2m │ gzip:   9.84 kB[22m
[90m│[39m  [43mVite[49m
[90m│[39m  [2m../../../../../../var/folders/c3/ns78qy1d7mgb6y_d202880g40000gn/T/chromatic--42189-VOyYlgpIdMr0/[22m[2massets/[22m[36mColor-6BZIO3FS-RI_13eRk.js[39m[1m[2m[22m
[90m│[39m  [2m30.04 kB[22m[1m[22m[2m │ gzip:  11.41 kB[22m
[90m│[39m  [43mVite[49m
[90m│[39m  [2m../../../../../../var/folders/c3/ns78qy1d7mgb6y_d202880g40000gn/T/chromatic--42189-VOyYlgpIdMr0/[22m[2massets/[22m[36mWithTooltip-65CFNBJE-C0sYLPHo.js[39m[1m[2m[22m
[90m│[39m  [2m33.66 kB[22m[1m[22m[2m │ gzip:  11.91 kB[22m
[90m│[39m  [43mVite[49m
[90m│[39m  [2m../../../../../../var/folders/c3/ns78qy1d7mgb6y_d202880g40000gn/T/chromatic--42189-VOyYlgpIdMr0/[22m[2massets/[22m[36mauthStore-CTWyt8Gr.js[39m[1m[2m[22m
[90m│[39m  [2m39.34 kB[22m[1m[22m[2m │ gzip:  15.65 kB[22m
[90m│[39m  [43mVite[49m
[90m│[39m  [2m../../../../../../var/folders/c3/ns78qy1d7mgb6y_d202880g40000gn/T/chromatic--42189-VOyYlgpIdMr0/[22m[2massets/[22m[36mIonicons-C97wnSdb.js[39m[1m[2m[22m
[90m│[39m  [2m72.88 kB[22m[1m[22m[2m │ gzip:  22.86 kB[22m
[90m│[39m  [43mVite[49m
[90m│[39m  [2m../../../../../../var/folders/c3/ns78qy1d7mgb6y_d202880g40000gn/T/chromatic--42189-VOyYlgpIdMr0/[22m[2massets/[22m[36msyntaxhighlighter-ED5Y7EFY-BT0wJNyo.js[39m[1m[2m[22m
[90m│[39m  [2m78.12 kB[22m[1m[22m[2m │ gzip:  27.38 kB[22m
[90m│[39m  [43mVite[49m
[90m│[39m  [2m../../../../../../var/folders/c3/ns78qy1d7mgb6y_d202880g40000gn/T/chromatic--42189-VOyYlgpIdMr0/[22m[2massets/[22m[36mreact-18-DOyPgjdQ.js[39m[1m[2m[22m
[90m│[39m  [2m173.97 kB[22m[1m[22m[2m │ gzip:  55.09 kB[22m
[90m│[39m  [43mVite[49m
[90m│[39m  [2m../../../../../../var/folders/c3/ns78qy1d7mgb6y_d202880g40000gn/T/chromatic--42189-VOyYlgpIdMr0/[22m[2massets/[22m[36mdecorators-DFYaHOzX.js[39m[1m[2m[22m
[90m│[39m  [2m213.35 kB[22m[1m[22m[2m │ gzip:  75.15 kB[22m
[90m│[39m  [43mVite[49m
[90m│[39m  [2m../../../../../../var/folders/c3/ns78qy1d7mgb6y_d202880g40000gn/T/chromatic--42189-VOyYlgpIdMr0/[22m[2massets/[22m[36mDocsRenderer-LL677BLK-DKn8GLhU.js[39m[1m[33m[39m
[90m│[39m  [33m812.49 kB[39m[22m[2m │ gzip: 259.75 kB[22m
[90m│[39m  [43mVite[49m
[90m│[39m  [2m../../../../../../var/folders/c3/ns78qy1d7mgb6y_d202880g40000gn/T/chromatic--42189-VOyYlgpIdMr0/[22m[2massets/[22m[36miframe-ixR9fcpb.js[39m
[90m│[39m  [36m[39m[1m[33m1,196.13 kB[39m[22m[2m │ gzip: 344.26 kB[22m
[90m│[39m
[33m▲[39m  [43mVite[49m[33m
[90m│[39m  (!) Some chunks are larger than 500 kB after minification. Consider:
[90m│[39m  - Using dynamic import() to code-split the application
[90m│[39m  - Use build.rollupOptions.output.manualChunks to improve chunking:
[90m│[39m  ]8;;https://rollupjs.org/configuration-options/#output-manualchunkshttps://rollupjs.org/configuration-options/#output-manualchunks]8;;
[90m│[39m  - Adjust chunk size limit for this warning via
[90m│[39m  build.chunkSizeWarningLimit.[39m
[90m│[39m  [43mVite[49m [32m✓ built in 5.01s[39m
[90m│[39m
[32m◇[39m  Output directory:
[90m│[39m  /var/folders/c3/ns78qy1d7mgb6y_d202880g40000gn/T/chromatic--42189-VOyYlgpIdMr0
[90m│[39m
[90m└[39m  Storybook build completed successfully

